<?xml version="1.0" encoding="UTF-8"?>
<!-- Generated by org.testng.reporters.JUnitReportReporter -->
<testsuite hostname="LAPTOP-ASQOIOEI" failures="0" tests="8" name="mainproject.Mainproject_test" time="71.832" errors="0" timestamp="2025-05-09T22:24:30 IST" skipped="0">
  <testcase classname="mainproject.Mainproject_test" name="loginfunction" time="24.113"/>
  <testcase classname="mainproject.Mainproject_test" name="homepagefunction" time="6.130"/>
  <testcase classname="mainproject.Mainproject_test" name="Productlistpagefunction" time="2.348"/>
  <testcase classname="mainproject.Mainproject_test" name="Productdetailspagefunction" time="0.299"/>
  <testcase classname="mainproject.Mainproject_test" name="Cartpagefunction" time="4.506"/>
  <testcase classname="mainproject.Mainproject_test" name="Checkoutpagefunction" time="1.470"/>
  <testcase classname="mainproject.Mainproject_test" name="Paymentpagefunction" time="0.875"/>
  <testcase classname="mainproject.Mainproject_test" name="Confirmationpagefunction" time="32.091"/>
</testsuite> <!-- mainproject.Mainproject_test -->
