<?xml version="1.0" encoding="UTF-8"?>
<!-- Generated by org.testng.reporters.JUnitReportReporter -->
<testsuite hostname="LAPTOP-ASQOIOEI" failures="0" tests="8" name="mainproject.Mainproject_test" time="38.727" errors="0" timestamp="2025-04-25T23:01:01 IST" skipped="0">
  <testcase classname="mainproject.Mainproject_test" name="loginfunction" time="9.802"/>
  <testcase classname="mainproject.Mainproject_test" name="homepagefunction" time="4.471"/>
  <testcase classname="mainproject.Mainproject_test" name="Productlistpagefunction" time="1.464"/>
  <testcase classname="mainproject.Mainproject_test" name="Productdetailspagefunction" time="0.357"/>
  <testcase classname="mainproject.Mainproject_test" name="Cartpagefunction" time="7.001"/>
  <testcase classname="mainproject.Mainproject_test" name="Checkoutpagefunction" time="1.359"/>
  <testcase classname="mainproject.Mainproject_test" name="Paymentpagefunction" time="0.712"/>
  <testcase classname="mainproject.Mainproject_test" name="Confirmationpagefunction" time="13.561"/>
</testsuite> <!-- mainproject.Mainproject_test -->
